<?xml version="1.0" encoding="UTF-8"?>
<coverage generated="1775155230634" clover="3.2.0">
  <project timestamp="1775155230634" name="All files">
    <metrics statements="134" coveredstatements="130" conditionals="95" coveredconditionals="87" methods="37" coveredmethods="36" elements="266" coveredelements="253" complexity="0" loc="134" ncloc="134" packages="2" files="16" classes="16"/>
    <package name="render-tracker">
      <metrics statements="70" coveredstatements="66" conditionals="32" coveredconditionals="27" methods="14" coveredmethods="13"/>
      <file name="index.ts" path="/home/parshva/Projects/specKit/speckit-demo-poc/src/render-tracker/index.ts">
        <metrics statements="0" coveredstatements="0" conditionals="0" coveredconditionals="0" methods="0" coveredmethods="0"/>
      </file>
      <file name="shallowDiff.ts" path="/home/parshva/Projects/specKit/speckit-demo-poc/src/render-tracker/shallowDiff.ts">
        <metrics statements="34" coveredstatements="34" conditionals="26" coveredconditionals="23" methods="2" coveredmethods="2"/>
        <line num="16" count="14" type="cond" truecount="1" falsecount="1"/>
        <line num="20" count="14" type="cond" truecount="3" falsecount="0"/>
        <line num="21" count="14" type="cond" truecount="3" falsecount="0"/>
        <line num="22" count="14" type="cond" truecount="4" falsecount="0"/>
        <line num="24" count="5" type="stmt"/>
        <line num="25" count="5" type="stmt"/>
        <line num="26" count="5" type="cond" truecount="1" falsecount="1"/>
        <line num="27" count="5" type="stmt"/>
        <line num="28" count="6" type="stmt"/>
        <line num="29" count="6" type="stmt"/>
        <line num="30" count="6" type="cond" truecount="1" falsecount="1"/>
        <line num="32" count="5" type="stmt"/>
        <line num="53" count="24" type="cond" truecount="2" falsecount="0"/>
        <line num="54" count="8" type="stmt"/>
        <line num="62" count="16" type="stmt"/>
        <line num="63" count="16" type="stmt"/>
        <line num="66" count="16" type="stmt"/>
        <line num="71" count="16" type="stmt"/>
        <line num="72" count="20" type="stmt"/>
        <line num="73" count="20" type="stmt"/>
        <line num="75" count="20" type="cond" truecount="2" falsecount="0"/>
        <line num="77" count="6" type="stmt"/>
        <line num="81" count="14" type="cond" truecount="2" falsecount="0"/>
        <line num="82" count="5" type="stmt"/>
        <line num="84" count="9" type="stmt"/>
        <line num="92" count="16" type="cond" truecount="2" falsecount="0"/>
        <line num="93" count="9" type="stmt"/>
        <line num="94" count="9" type="stmt"/>
        <line num="95" count="7" type="cond" truecount="2" falsecount="0"/>
        <line num="96" count="4" type="stmt"/>
        <line num="97" count="4" type="stmt"/>
        <line num="99" count="3" type="stmt"/>
        <line num="100" count="3" type="stmt"/>
        <line num="103" count="16" type="stmt"/>
      </file>
      <file name="store.ts" path="/home/parshva/Projects/specKit/speckit-demo-poc/src/render-tracker/store.ts">
        <metrics statements="19" coveredstatements="19" conditionals="4" coveredconditionals="4" methods="9" coveredmethods="9"/>
        <line num="15" count="4" type="stmt"/>
        <line num="16" count="4" type="stmt"/>
        <line num="20" count="4" type="stmt"/>
        <line num="28" count="62" type="cond" truecount="2" falsecount="0"/>
        <line num="29" count="62" type="stmt"/>
        <line num="31" count="62" type="stmt"/>
        <line num="32" count="62" type="stmt"/>
        <line num="40" count="13" type="cond" truecount="2" falsecount="0"/>
        <line num="48" count="2" type="stmt"/>
        <line num="56" count="33" type="stmt"/>
        <line num="57" count="33" type="stmt"/>
        <line num="58" count="33" type="stmt"/>
        <line num="68" count="109" type="stmt"/>
        <line num="76" count="32" type="stmt"/>
        <line num="77" count="32" type="stmt"/>
        <line num="78" count="32" type="stmt"/>
        <line num="82" count="94" type="stmt"/>
        <line num="83" count="17" type="stmt"/>
        <line num="89" count="4" type="stmt"/>
      </file>
      <file name="types.ts" path="/home/parshva/Projects/specKit/speckit-demo-poc/src/render-tracker/types.ts">
        <metrics statements="0" coveredstatements="0" conditionals="0" coveredconditionals="0" methods="0" coveredmethods="0"/>
      </file>
      <file name="useDevRenderTracker.ts" path="/home/parshva/Projects/specKit/speckit-demo-poc/src/render-tracker/useDevRenderTracker.ts">
        <metrics statements="4" coveredstatements="0" conditionals="2" coveredconditionals="0" methods="1" coveredmethods="0"/>
        <line num="5" count="0" type="stmt"/>
        <line num="32" count="0" type="cond" truecount="0" falsecount="2"/>
        <line num="33" count="0" type="stmt"/>
        <line num="36" count="0" type="stmt"/>
      </file>
      <file name="useRenderTracker.ts" path="/home/parshva/Projects/specKit/speckit-demo-poc/src/render-tracker/useRenderTracker.ts">
        <metrics statements="13" coveredstatements="13" conditionals="0" coveredconditionals="0" methods="2" coveredmethods="2"/>
        <line num="58" count="12" type="stmt"/>
        <line num="59" count="12" type="stmt"/>
        <line num="62" count="12" type="stmt"/>
        <line num="63" count="12" type="stmt"/>
        <line num="66" count="12" type="stmt"/>
        <line num="69" count="12" type="stmt"/>
        <line num="72" count="12" type="stmt"/>
        <line num="80" count="12" type="stmt"/>
        <line num="83" count="12" type="stmt"/>
        <line num="86" count="12" type="stmt"/>
        <line num="87" count="12" type="stmt"/>
        <line num="96" count="12" type="stmt"/>
        <line num="99" count="12" type="stmt"/>
      </file>
    </package>
    <package name="render-tracker-ui">
      <metrics statements="64" coveredstatements="64" conditionals="63" coveredconditionals="60" methods="23" coveredmethods="23"/>
      <file name="ComponentDetailView.tsx" path="/home/parshva/Projects/specKit/speckit-demo-poc/src/render-tracker-ui/ComponentDetailView.tsx">
        <metrics statements="9" coveredstatements="9" conditionals="4" coveredconditionals="3" methods="6" coveredmethods="6"/>
        <line num="23" count="10" type="stmt"/>
        <line num="25" count="2" type="cond" truecount="1" falsecount="1"/>
        <line num="26" count="2" type="stmt"/>
        <line num="29" count="10" type="stmt"/>
        <line num="30" count="10" type="stmt"/>
        <line num="31" count="10" type="stmt"/>
        <line num="35" count="10" type="stmt"/>
        <line num="43" count="10" type="stmt"/>
        <line num="57" count="2" type="stmt"/>
      </file>
      <file name="ComponentListView.tsx" path="/home/parshva/Projects/specKit/speckit-demo-poc/src/render-tracker-ui/ComponentListView.tsx">
        <metrics statements="5" coveredstatements="5" conditionals="2" coveredconditionals="2" methods="3" coveredmethods="3"/>
        <line num="23" count="25" type="cond" truecount="2" falsecount="0"/>
        <line num="24" count="11" type="stmt"/>
        <line num="27" count="14" type="stmt"/>
        <line num="30" count="19" type="stmt"/>
        <line num="33" count="3" type="stmt"/>
      </file>
      <file name="InsightBadge.tsx" path="/home/parshva/Projects/specKit/speckit-demo-poc/src/render-tracker-ui/InsightBadge.tsx">
        <metrics statements="3" coveredstatements="3" conditionals="8" coveredconditionals="8" methods="1" coveredmethods="1"/>
        <line num="24" count="19" type="cond" truecount="4" falsecount="0"/>
        <line num="25" count="15" type="stmt"/>
        <line num="28" count="4" type="stmt"/>
      </file>
      <file name="RenderTrackerPanel.tsx" path="/home/parshva/Projects/specKit/speckit-demo-poc/src/render-tracker-ui/RenderTrackerPanel.tsx">
        <metrics statements="10" coveredstatements="10" conditionals="12" coveredconditionals="10" methods="4" coveredmethods="4"/>
        <line num="24" count="20" type="stmt"/>
        <line num="25" count="20" type="stmt"/>
        <line num="26" count="20" type="stmt"/>
        <line num="30" count="20" type="cond" truecount="4" falsecount="0"/>
        <line num="31" count="2" type="stmt"/>
        <line num="36" count="2" type="stmt"/>
        <line num="40" count="1" type="stmt"/>
        <line num="42" count="1" type="stmt"/>
        <line num="46" count="20" type="cond" truecount="2" falsecount="0"/>
        <line num="50" count="20" type="stmt"/>
      </file>
      <file name="computeEventRows.ts" path="/home/parshva/Projects/specKit/speckit-demo-poc/src/render-tracker-ui/computeEventRows.ts">
        <metrics statements="12" coveredstatements="12" conditionals="12" coveredconditionals="12" methods="3" coveredmethods="3"/>
        <line num="6" count="2" type="stmt"/>
        <line num="19" count="10" type="stmt"/>
        <line num="20" count="11" type="stmt"/>
        <line num="22" count="11" type="cond" truecount="2" falsecount="0"/>
        <line num="23" count="5" type="stmt"/>
        <line num="27" count="6" type="cond" truecount="2" falsecount="0"/>
        <line num="29" count="11" type="stmt"/>
        <line num="31" count="6" type="cond" truecount="4" falsecount="0"/>
        <line num="35" count="6" type="cond" truecount="4" falsecount="0"/>
        <line num="38" count="6" type="stmt"/>
        <line num="40" count="6" type="stmt"/>
        <line num="43" count="11" type="stmt"/>
      </file>
      <file name="computeSummaries.ts" path="/home/parshva/Projects/specKit/speckit-demo-poc/src/render-tracker-ui/computeSummaries.ts">
        <metrics statements="11" coveredstatements="11" conditionals="6" coveredconditionals="6" methods="4" coveredmethods="4"/>
        <line num="5" count="3" type="stmt"/>
        <line num="8" count="29" type="cond" truecount="2" falsecount="0"/>
        <line num="9" count="6" type="cond" truecount="2" falsecount="0"/>
        <line num="10" count="3" type="stmt"/>
        <line num="27" count="44" type="stmt"/>
        <line num="28" count="29" type="stmt"/>
        <line num="30" count="29" type="stmt"/>
        <line num="32" count="29" type="stmt"/>
        <line num="34" count="29" type="cond" truecount="2" falsecount="0"/>
        <line num="35" count="22" type="stmt"/>
        <line num="37" count="29" type="stmt"/>
      </file>
      <file name="formatPropValue.ts" path="/home/parshva/Projects/specKit/speckit-demo-poc/src/render-tracker-ui/formatPropValue.ts">
        <metrics statements="10" coveredstatements="10" conditionals="19" coveredconditionals="19" methods="1" coveredmethods="1"/>
        <line num="14" count="19" type="cond" truecount="2" falsecount="0"/>
        <line num="15" count="18" type="cond" truecount="2" falsecount="0"/>
        <line num="16" count="16" type="cond" truecount="2" falsecount="0"/>
        <line num="18" count="3" type="cond" truecount="2" falsecount="0"/>
        <line num="20" count="13" type="cond" truecount="2" falsecount="0"/>
        <line num="26" count="7" type="stmt"/>
        <line num="28" count="6" type="cond" truecount="2" falsecount="0"/>
        <line num="29" count="5" type="cond" truecount="2" falsecount="0"/>
        <line num="30" count="4" type="cond" truecount="2" falsecount="0"/>
        <line num="32" count="1" type="stmt"/>
      </file>
      <file name="index.ts" path="/home/parshva/Projects/specKit/speckit-demo-poc/src/render-tracker-ui/index.ts">
        <metrics statements="0" coveredstatements="0" conditionals="0" coveredconditionals="0" methods="0" coveredmethods="0"/>
      </file>
      <file name="types.ts" path="/home/parshva/Projects/specKit/speckit-demo-poc/src/render-tracker-ui/types.ts">
        <metrics statements="0" coveredstatements="0" conditionals="0" coveredconditionals="0" methods="0" coveredmethods="0"/>
      </file>
      <file name="useRenderSnapshot.ts" path="/home/parshva/Projects/specKit/speckit-demo-poc/src/render-tracker-ui/useRenderSnapshot.ts">
        <metrics statements="4" coveredstatements="4" conditionals="0" coveredconditionals="0" methods="1" coveredmethods="1"/>
        <line num="21" count="30" type="stmt"/>
        <line num="26" count="30" type="stmt"/>
        <line num="27" count="30" type="stmt"/>
        <line num="28" count="30" type="stmt"/>
      </file>
    </package>
  </project>
</coverage>
