{"/home/parshva/Projects/specKit/speckit-demo-poc/src/render-tracker/index.ts": {"path":"/home/parshva/Projects/specKit/speckit-demo-poc/src/render-tracker/index.ts","statementMap":{},"fnMap":{},"branchMap":{},"s":{},"f":{},"b":{},"meta":{"lastBranch":0,"lastFunction":0,"lastStatement":0,"seen":{}}}
,"/home/parshva/Projects/specKit/speckit-demo-poc/src/render-tracker/shallowDiff.ts": {"path":"/home/parshva/Projects/specKit/speckit-demo-poc/src/render-tracker/shallowDiff.ts","statementMap":{"0":{"start":{"line":16,"column":2},"end":{"line":16,"column":null}},"1":{"start":{"line":16,"column":15},"end":{"line":16,"column":null}},"2":{"start":{"line":20,"column":20},"end":{"line":20,"column":null}},"3":{"start":{"line":21,"column":20},"end":{"line":21,"column":null}},"4":{"start":{"line":22,"column":2},"end":{"line":22,"column":null}},"5":{"start":{"line":22,"column":32},"end":{"line":22,"column":null}},"6":{"start":{"line":24,"column":16},"end":{"line":24,"column":57}},"7":{"start":{"line":25,"column":16},"end":{"line":25,"column":57}},"8":{"start":{"line":26,"column":2},"end":{"line":26,"column":null}},"9":{"start":{"line":26,"column":37},"end":{"line":26,"column":null}},"10":{"start":{"line":27,"column":2},"end":{"line":30,"column":null}},"11":{"start":{"line":28,"column":18},"end":{"line":28,"column":null}},"12":{"start":{"line":29,"column":18},"end":{"line":29,"column":null}},"13":{"start":{"line":30,"column":4},"end":{"line":30,"column":null}},"14":{"start":{"line":30,"column":23},"end":{"line":30,"column":null}},"15":{"start":{"line":32,"column":2},"end":{"line":32,"column":null}},"16":{"start":{"line":53,"column":2},"end":{"line":59,"column":null}},"17":{"start":{"line":54,"column":4},"end":{"line":59,"column":null}},"18":{"start":{"line":62,"column":37},"end":{"line":62,"column":39}},"19":{"start":{"line":63,"column":41},"end":{"line":63,"column":43}},"20":{"start":{"line":66,"column":18},"end":{"line":69,"column":4}},"21":{"start":{"line":71,"column":2},"end":{"line":84,"column":null}},"22":{"start":{"line":72,"column":20},"end":{"line":72,"column":null}},"23":{"start":{"line":73,"column":20},"end":{"line":73,"column":null}},"24":{"start":{"line":75,"column":4},"end":{"line":77,"column":null}},"25":{"start":{"line":77,"column":6},"end":{"line":77,"column":null}},"26":{"start":{"line":81,"column":4},"end":{"line":84,"column":null}},"27":{"start":{"line":82,"column":6},"end":{"line":82,"column":null}},"28":{"start":{"line":84,"column":6},"end":{"line":84,"column":null}},"29":{"start":{"line":92,"column":2},"end":{"line":100,"column":null}},"30":{"start":{"line":93,"column":4},"end":{"line":93,"column":null}},"31":{"start":{"line":94,"column":4},"end":{"line":94,"column":null}},"32":{"start":{"line":95,"column":13},"end":{"line":100,"column":null}},"33":{"start":{"line":96,"column":4},"end":{"line":96,"column":null}},"34":{"start":{"line":97,"column":4},"end":{"line":97,"column":null}},"35":{"start":{"line":99,"column":4},"end":{"line":99,"column":null}},"36":{"start":{"line":100,"column":4},"end":{"line":100,"column":null}},"37":{"start":{"line":103,"column":2},"end":{"line":108,"column":null}}},"fnMap":{"0":{"name":"isShallowEqual","decl":{"start":{"line":12,"column":9},"end":{"line":12,"column":null}},"loc":{"start":{"line":15,"column":11},"end":{"line":32,"column":null}},"line":15},"1":{"name":"shallowDiff","decl":{"start":{"line":48,"column":16},"end":{"line":48,"column":null}},"loc":{"start":{"line":51,"column":14},"end":{"line":108,"column":null}},"line":51}},"branchMap":{"0":{"loc":{"start":{"line":16,"column":2},"end":{"line":16,"column":null}},"type":"if","locations":[{"start":{"line":16,"column":2},"end":{"line":16,"column":null}},{"start":{},"end":{}}],"line":16},"1":{"loc":{"start":{"line":20,"column":20},"end":{"line":20,"column":null}},"type":"binary-expr","locations":[{"start":{"line":20,"column":20},"end":{"line":20,"column":35}},{"start":{"line":20,"column":35},"end":{"line":20,"column":60}},{"start":{"line":20,"column":60},"end":{"line":20,"column":null}}],"line":20},"2":{"loc":{"start":{"line":21,"column":20},"end":{"line":21,"column":null}},"type":"binary-expr","locations":[{"start":{"line":21,"column":20},"end":{"line":21,"column":35}},{"start":{"line":21,"column":35},"end":{"line":21,"column":60}},{"start":{"line":21,"column":60},"end":{"line":21,"column":null}}],"line":21},"3":{"loc":{"start":{"line":22,"column":2},"end":{"line":22,"column":null}},"type":"if","locations":[{"start":{"line":22,"column":2},"end":{"line":22,"column":null}},{"start":{},"end":{}}],"line":22},"4":{"loc":{"start":{"line":22,"column":6},"end":{"line":22,"column":32}},"type":"binary-expr","locations":[{"start":{"line":22,"column":6},"end":{"line":22,"column":20}},{"start":{"line":22,"column":20},"end":{"line":22,"column":32}}],"line":22},"5":{"loc":{"start":{"line":26,"column":2},"end":{"line":26,"column":null}},"type":"if","locations":[{"start":{"line":26,"column":2},"end":{"line":26,"column":null}},{"start":{},"end":{}}],"line":26},"6":{"loc":{"start":{"line":30,"column":4},"end":{"line":30,"column":null}},"type":"if","locations":[{"start":{"line":30,"column":4},"end":{"line":30,"column":null}},{"start":{},"end":{}}],"line":30},"7":{"loc":{"start":{"line":53,"column":2},"end":{"line":59,"column":null}},"type":"if","locations":[{"start":{"line":53,"column":2},"end":{"line":59,"column":null}},{"start":{},"end":{}}],"line":53},"8":{"loc":{"start":{"line":75,"column":4},"end":{"line":77,"column":null}},"type":"if","locations":[{"start":{"line":75,"column":4},"end":{"line":77,"column":null}},{"start":{},"end":{}}],"line":75},"9":{"loc":{"start":{"line":81,"column":4},"end":{"line":84,"column":null}},"type":"if","locations":[{"start":{"line":81,"column":4},"end":{"line":84,"column":null}},{"start":{"line":83,"column":11},"end":{"line":84,"column":null}}],"line":81},"10":{"loc":{"start":{"line":92,"column":2},"end":{"line":100,"column":null}},"type":"if","locations":[{"start":{"line":92,"column":2},"end":{"line":100,"column":null}},{"start":{"line":95,"column":13},"end":{"line":100,"column":null}}],"line":92},"11":{"loc":{"start":{"line":95,"column":13},"end":{"line":100,"column":null}},"type":"if","locations":[{"start":{"line":95,"column":13},"end":{"line":100,"column":null}},{"start":{"line":98,"column":9},"end":{"line":100,"column":null}}],"line":95}},"s":{"0":14,"1":0,"2":14,"3":14,"4":14,"5":9,"6":5,"7":5,"8":5,"9":0,"10":5,"11":6,"12":6,"13":6,"14":0,"15":5,"16":24,"17":8,"18":16,"19":16,"20":16,"21":16,"22":20,"23":20,"24":20,"25":6,"26":14,"27":5,"28":9,"29":16,"30":9,"31":9,"32":7,"33":4,"34":4,"35":3,"36":3,"37":16},"f":{"0":14,"1":24},"b":{"0":[0,14],"1":[14,14,10],"2":[14,14,10],"3":[9,5],"4":[14,5],"5":[0,5],"6":[0,6],"7":[8,16],"8":[6,14],"9":[5,9],"10":[9,7],"11":[4,3]},"meta":{"lastBranch":12,"lastFunction":2,"lastStatement":38,"seen":{"f:12:9:12:Infinity":0,"b:16:2:16:Infinity:undefined:undefined:undefined:undefined":0,"s:16:2:16:Infinity":0,"s:16:15:16:Infinity":1,"s:20:20:20:Infinity":2,"b:20:20:20:35:20:35:20:60:20:60:20:Infinity":1,"s:21:20:21:Infinity":3,"b:21:20:21:35:21:35:21:60:21:60:21:Infinity":2,"b:22:2:22:Infinity:undefined:undefined:undefined:undefined":3,"s:22:2:22:Infinity":4,"b:22:6:22:20:22:20:22:32":4,"s:22:32:22:Infinity":5,"s:24:16:24:57":6,"s:25:16:25:57":7,"b:26:2:26:Infinity:undefined:undefined:undefined:undefined":5,"s:26:2:26:Infinity":8,"s:26:37:26:Infinity":9,"s:27:2:30:Infinity":10,"s:28:18:28:Infinity":11,"s:29:18:29:Infinity":12,"b:30:4:30:Infinity:undefined:undefined:undefined:undefined":6,"s:30:4:30:Infinity":13,"s:30:23:30:Infinity":14,"s:32:2:32:Infinity":15,"f:48:16:48:Infinity":1,"b:53:2:59:Infinity:undefined:undefined:undefined:undefined":7,"s:53:2:59:Infinity":16,"s:54:4:59:Infinity":17,"s:62:37:62:39":18,"s:63:41:63:43":19,"s:66:18:69:4":20,"s:71:2:84:Infinity":21,"s:72:20:72:Infinity":22,"s:73:20:73:Infinity":23,"b:75:4:77:Infinity:undefined:undefined:undefined:undefined":8,"s:75:4:77:Infinity":24,"s:77:6:77:Infinity":25,"b:81:4:84:Infinity:83:11:84:Infinity":9,"s:81:4:84:Infinity":26,"s:82:6:82:Infinity":27,"s:84:6:84:Infinity":28,"b:92:2:100:Infinity:95:13:100:Infinity":10,"s:92:2:100:Infinity":29,"s:93:4:93:Infinity":30,"s:94:4:94:Infinity":31,"b:95:13:100:Infinity:98:9:100:Infinity":11,"s:95:13:100:Infinity":32,"s:96:4:96:Infinity":33,"s:97:4:97:Infinity":34,"s:99:4:99:Infinity":35,"s:100:4:100:Infinity":36,"s:103:2:108:Infinity":37}}}
,"/home/parshva/Projects/specKit/speckit-demo-poc/src/render-tracker/store.ts": {"path":"/home/parshva/Projects/specKit/speckit-demo-poc/src/render-tracker/store.ts","statementMap":{"0":{"start":{"line":15,"column":55},"end":{"line":15,"column":64}},"1":{"start":{"line":16,"column":49},"end":{"line":16,"column":58}},"2":{"start":{"line":20,"column":4},"end":{"line":20,"column":null}},"3":{"start":{"line":28,"column":21},"end":{"line":28,"column":56}},"4":{"start":{"line":29,"column":4},"end":{"line":29,"column":null}},"5":{"start":{"line":31,"column":4},"end":{"line":31,"column":null}},"6":{"start":{"line":32,"column":4},"end":{"line":32,"column":null}},"7":{"start":{"line":40,"column":4},"end":{"line":40,"column":null}},"8":{"start":{"line":48,"column":4},"end":{"line":48,"column":null}},"9":{"start":{"line":56,"column":4},"end":{"line":56,"column":null}},"10":{"start":{"line":57,"column":4},"end":{"line":58,"column":null}},"11":{"start":{"line":58,"column":6},"end":{"line":58,"column":null}},"12":{"start":{"line":68,"column":4},"end":{"line":68,"column":null}},"13":{"start":{"line":76,"column":4},"end":{"line":76,"column":null}},"14":{"start":{"line":77,"column":4},"end":{"line":77,"column":null}},"15":{"start":{"line":78,"column":4},"end":{"line":78,"column":null}},"16":{"start":{"line":82,"column":4},"end":{"line":83,"column":null}},"17":{"start":{"line":83,"column":6},"end":{"line":83,"column":null}},"18":{"start":{"line":89,"column":27},"end":{"line":89,"column":44}}},"fnMap":{"0":{"name":"(anonymous_0)","decl":{"start":{"line":19,"column":2},"end":{"line":19,"column":16}},"loc":{"start":{"line":19,"column":16},"end":{"line":20,"column":null}},"line":19},"1":{"name":"(anonymous_1)","decl":{"start":{"line":27,"column":2},"end":{"line":27,"column":9}},"loc":{"start":{"line":27,"column":58},"end":{"line":32,"column":null}},"line":27},"2":{"name":"(anonymous_2)","decl":{"start":{"line":39,"column":2},"end":{"line":39,"column":9}},"loc":{"start":{"line":39,"column":47},"end":{"line":40,"column":null}},"line":39},"3":{"name":"(anonymous_3)","decl":{"start":{"line":47,"column":2},"end":{"line":47,"column":51}},"loc":{"start":{"line":47,"column":51},"end":{"line":48,"column":null}},"line":47},"4":{"name":"(anonymous_4)","decl":{"start":{"line":55,"column":2},"end":{"line":55,"column":12}},"loc":{"start":{"line":55,"column":46},"end":{"line":58,"column":null}},"line":55},"5":{"name":"(anonymous_5)","decl":{"start":{"line":57,"column":4},"end":{"line":57,"column":23}},"loc":{"start":{"line":57,"column":23},"end":{"line":58,"column":null}},"line":57},"6":{"name":"(anonymous_6)","decl":{"start":{"line":67,"column":2},"end":{"line":67,"column":52}},"loc":{"start":{"line":67,"column":52},"end":{"line":68,"column":null}},"line":67},"7":{"name":"(anonymous_7)","decl":{"start":{"line":75,"column":2},"end":{"line":75,"column":16}},"loc":{"start":{"line":75,"column":16},"end":{"line":78,"column":null}},"line":75},"8":{"name":"(anonymous_8)","decl":{"start":{"line":81,"column":2},"end":{"line":81,"column":10}},"loc":{"start":{"line":81,"column":26},"end":{"line":83,"column":null}},"line":81}},"branchMap":{"0":{"loc":{"start":{"line":28,"column":21},"end":{"line":28,"column":56}},"type":"binary-expr","locations":[{"start":{"line":28,"column":21},"end":{"line":28,"column":50}},{"start":{"line":28,"column":54},"end":{"line":28,"column":56}}],"line":28},"1":{"loc":{"start":{"line":40,"column":11},"end":{"line":40,"column":46}},"type":"binary-expr","locations":[{"start":{"line":40,"column":11},"end":{"line":40,"column":40}},{"start":{"line":40,"column":44},"end":{"line":40,"column":46}}],"line":40}},"s":{"0":4,"1":4,"2":4,"3":62,"4":62,"5":62,"6":62,"7":13,"8":2,"9":33,"10":33,"11":33,"12":109,"13":32,"14":32,"15":32,"16":94,"17":17,"18":4},"f":{"0":4,"1":62,"2":13,"3":2,"4":33,"5":33,"6":109,"7":32,"8":94},"b":{"0":[62,29],"1":[13,4]},"meta":{"lastBranch":2,"lastFunction":9,"lastStatement":19,"seen":{"s:15:55:15:64":0,"s:16:49:16:58":1,"f:19:2:19:16":0,"s:20:4:20:Infinity":2,"f:27:2:27:9":1,"s:28:21:28:56":3,"b:28:21:28:50:28:54:28:56":0,"s:29:4:29:Infinity":4,"s:31:4:31:Infinity":5,"s:32:4:32:Infinity":6,"f:39:2:39:9":2,"s:40:4:40:Infinity":7,"b:40:11:40:40:40:44:40:46":1,"f:47:2:47:51":3,"s:48:4:48:Infinity":8,"f:55:2:55:12":4,"s:56:4:56:Infinity":9,"s:57:4:58:Infinity":10,"f:57:4:57:23":5,"s:58:6:58:Infinity":11,"f:67:2:67:52":6,"s:68:4:68:Infinity":12,"f:75:2:75:16":7,"s:76:4:76:Infinity":13,"s:77:4:77:Infinity":14,"s:78:4:78:Infinity":15,"f:81:2:81:10":8,"s:82:4:83:Infinity":16,"s:83:6:83:Infinity":17,"s:89:27:89:44":18}}}
,"/home/parshva/Projects/specKit/speckit-demo-poc/src/render-tracker/types.ts": {"path":"/home/parshva/Projects/specKit/speckit-demo-poc/src/render-tracker/types.ts","statementMap":{},"fnMap":{},"branchMap":{},"s":{},"f":{},"b":{},"meta":{"lastBranch":0,"lastFunction":0,"lastStatement":0,"seen":{}}}
,"/home/parshva/Projects/specKit/speckit-demo-poc/src/render-tracker/useDevRenderTracker.ts": {"path":"/home/parshva/Projects/specKit/speckit-demo-poc/src/render-tracker/useDevRenderTracker.ts","statementMap":{"0":{"start":{"line":5,"column":39},"end":{"line":10,"column":null}},"1":{"start":{"line":32,"column":2},"end":{"line":33,"column":null}},"2":{"start":{"line":33,"column":4},"end":{"line":33,"column":null}},"3":{"start":{"line":36,"column":2},"end":{"line":36,"column":null}}},"fnMap":{"0":{"name":"useDevRenderTracker","decl":{"start":{"line":28,"column":16},"end":{"line":28,"column":null}},"loc":{"start":{"line":31,"column":21},"end":{"line":36,"column":null}},"line":31}},"branchMap":{"0":{"loc":{"start":{"line":32,"column":2},"end":{"line":33,"column":null}},"type":"if","locations":[{"start":{"line":32,"column":2},"end":{"line":33,"column":null}},{"start":{},"end":{}}],"line":32}},"s":{"0":0,"1":0,"2":0,"3":0},"f":{"0":0},"b":{"0":[0,0]},"meta":{"lastBranch":1,"lastFunction":1,"lastStatement":4,"seen":{"s:5:39:10:Infinity":0,"f:28:16:28:Infinity":0,"b:32:2:33:Infinity:undefined:undefined:undefined:undefined":0,"s:32:2:33:Infinity":1,"s:33:4:33:Infinity":2,"s:36:2:36:Infinity":3}}}
,"/home/parshva/Projects/specKit/speckit-demo-poc/src/render-tracker/useRenderTracker.ts": {"path":"/home/parshva/Projects/specKit/speckit-demo-poc/src/render-tracker/useRenderTracker.ts","statementMap":{"0":{"start":{"line":58,"column":8},"end":{"line":58,"column":77}},"1":{"start":{"line":59,"column":8},"end":{"line":59,"column":34}},"2":{"start":{"line":62,"column":2},"end":{"line":62,"column":null}},"3":{"start":{"line":63,"column":23},"end":{"line":63,"column":null}},"4":{"start":{"line":66,"column":58},"end":{"line":66,"column":70}},"5":{"start":{"line":69,"column":8},"end":{"line":69,"column":62}},"6":{"start":{"line":72,"column":36},"end":{"line":77,"column":null}},"7":{"start":{"line":80,"column":28},"end":{"line":80,"column":null}},"8":{"start":{"line":83,"column":2},"end":{"line":83,"column":null}},"9":{"start":{"line":86,"column":2},"end":{"line":97,"column":null}},"10":{"start":{"line":87,"column":31},"end":{"line":95,"column":null}},"11":{"start":{"line":96,"column":4},"end":{"line":96,"column":null}},"12":{"start":{"line":99,"column":2},"end":{"line":99,"column":null}}},"fnMap":{"0":{"name":"useRenderTracker","decl":{"start":{"line":53,"column":16},"end":{"line":53,"column":null}},"loc":{"start":{"line":56,"column":21},"end":{"line":99,"column":null}},"line":56},"1":{"name":"(anonymous_1)","decl":{"start":{"line":86,"column":2},"end":{"line":86,"column":30}},"loc":{"start":{"line":86,"column":30},"end":{"line":97,"column":null}},"line":86}},"branchMap":{},"s":{"0":12,"1":12,"2":12,"3":12,"4":12,"5":12,"6":12,"7":12,"8":12,"9":12,"10":12,"11":12,"12":12},"f":{"0":12,"1":12},"b":{},"meta":{"lastBranch":0,"lastFunction":2,"lastStatement":13,"seen":{"f:53:16:53:Infinity":0,"s:58:8:58:77":0,"s:59:8:59:34":1,"s:62:2:62:Infinity":2,"s:63:23:63:Infinity":3,"s:66:58:66:70":4,"s:69:8:69:62":5,"s:72:36:77:Infinity":6,"s:80:28:80:Infinity":7,"s:83:2:83:Infinity":8,"s:86:2:97:Infinity":9,"f:86:2:86:30":1,"s:87:31:95:Infinity":10,"s:96:4:96:Infinity":11,"s:99:2:99:Infinity":12}}}
,"/home/parshva/Projects/specKit/speckit-demo-poc/src/render-tracker-ui/ComponentDetailView.tsx": {"path":"/home/parshva/Projects/specKit/speckit-demo-poc/src/render-tracker-ui/ComponentDetailView.tsx","statementMap":{"0":{"start":{"line":23,"column":2},"end":{"line":33,"column":null}},"1":{"start":{"line":25,"column":6},"end":{"line":26,"column":null}},"2":{"start":{"line":26,"column":8},"end":{"line":26,"column":null}},"3":{"start":{"line":29,"column":4},"end":{"line":29,"column":null}},"4":{"start":{"line":30,"column":4},"end":{"line":31,"column":null}},"5":{"start":{"line":31,"column":6},"end":{"line":31,"column":null}},"6":{"start":{"line":35,"column":2},"end":{"line":70,"column":null}},"7":{"start":{"line":43,"column":10},"end":{"line":68,"column":null}},"8":{"start":{"line":57,"column":20},"end":{"line":61,"column":null}}},"fnMap":{"0":{"name":"ComponentDetailView","decl":{"start":{"line":18,"column":16},"end":{"line":18,"column":36}},"loc":{"start":{"line":22,"column":43},"end":{"line":70,"column":null}},"line":22},"1":{"name":"(anonymous_1)","decl":{"start":{"line":23,"column":2},"end":{"line":23,"column":32}},"loc":{"start":{"line":23,"column":32},"end":{"line":33,"column":6}},"line":23},"2":{"name":"handleKeyDown","decl":{"start":{"line":24,"column":13},"end":{"line":24,"column":27}},"loc":{"start":{"line":24,"column":51},"end":{"line":26,"column":null}},"line":24},"3":{"name":"(anonymous_3)","decl":{"start":{"line":30,"column":4},"end":{"line":30,"column":23}},"loc":{"start":{"line":30,"column":23},"end":{"line":31,"column":null}},"line":30},"4":{"name":"(anonymous_4)","decl":{"start":{"line":42,"column":19},"end":{"line":42,"column":24}},"loc":{"start":{"line":43,"column":10},"end":{"line":68,"column":null}},"line":43},"5":{"name":"(anonymous_5)","decl":{"start":{"line":56,"column":36},"end":{"line":56,"column":41}},"loc":{"start":{"line":57,"column":20},"end":{"line":61,"column":null}},"line":57}},"branchMap":{"0":{"loc":{"start":{"line":25,"column":6},"end":{"line":26,"column":null}},"type":"if","locations":[{"start":{"line":25,"column":6},"end":{"line":26,"column":null}},{"start":{},"end":{}}],"line":25},"1":{"loc":{"start":{"line":46,"column":13},"end":{"line":66,"column":null}},"type":"cond-expr","locations":[{"start":{"line":47,"column":14},"end":{"line":66,"column":15}},{"start":{"line":66,"column":14},"end":{"line":66,"column":null}}],"line":46}},"s":{"0":10,"1":2,"2":2,"3":10,"4":10,"5":10,"6":10,"7":10,"8":2},"f":{"0":10,"1":10,"2":2,"3":10,"4":10,"5":2},"b":{"0":[2,0],"1":[2,8]},"meta":{"lastBranch":2,"lastFunction":6,"lastStatement":9,"seen":{"f:18:16:18:36":0,"s:23:2:33:Infinity":0,"f:23:2:23:32":1,"f:24:13:24:27":2,"b:25:6:26:Infinity:undefined:undefined:undefined:undefined":0,"s:25:6:26:Infinity":1,"s:26:8:26:Infinity":2,"s:29:4:29:Infinity":3,"s:30:4:31:Infinity":4,"f:30:4:30:23":3,"s:31:6:31:Infinity":5,"s:35:2:70:Infinity":6,"f:42:19:42:24":4,"s:43:10:68:Infinity":7,"b:47:14:66:15:66:14:66:Infinity":1,"f:56:36:56:41":5,"s:57:20:61:Infinity":8}}}
,"/home/parshva/Projects/specKit/speckit-demo-poc/src/render-tracker-ui/ComponentListView.tsx": {"path":"/home/parshva/Projects/specKit/speckit-demo-poc/src/render-tracker-ui/ComponentListView.tsx","statementMap":{"0":{"start":{"line":23,"column":2},"end":{"line":24,"column":null}},"1":{"start":{"line":24,"column":4},"end":{"line":24,"column":null}},"2":{"start":{"line":27,"column":2},"end":{"line":45,"column":null}},"3":{"start":{"line":30,"column":8},"end":{"line":43,"column":null}},"4":{"start":{"line":33,"column":29},"end":{"line":33,"column":null}}},"fnMap":{"0":{"name":"ComponentListView","decl":{"start":{"line":19,"column":16},"end":{"line":19,"column":34}},"loc":{"start":{"line":22,"column":41},"end":{"line":45,"column":null}},"line":22},"1":{"name":"(anonymous_1)","decl":{"start":{"line":29,"column":17},"end":{"line":29,"column":22}},"loc":{"start":{"line":30,"column":8},"end":{"line":43,"column":null}},"line":30},"2":{"name":"(anonymous_2)","decl":{"start":{"line":33,"column":12},"end":{"line":33,"column":27}},"loc":{"start":{"line":33,"column":27},"end":{"line":33,"column":null}},"line":33}},"branchMap":{"0":{"loc":{"start":{"line":23,"column":2},"end":{"line":24,"column":null}},"type":"if","locations":[{"start":{"line":23,"column":2},"end":{"line":24,"column":null}},{"start":{},"end":{}}],"line":23}},"s":{"0":25,"1":11,"2":14,"3":19,"4":3},"f":{"0":25,"1":19,"2":3},"b":{"0":[11,14]},"meta":{"lastBranch":1,"lastFunction":3,"lastStatement":5,"seen":{"f:19:16:19:34":0,"b:23:2:24:Infinity:undefined:undefined:undefined:undefined":0,"s:23:2:24:Infinity":0,"s:24:4:24:Infinity":1,"s:27:2:45:Infinity":2,"f:29:17:29:22":1,"s:30:8:43:Infinity":3,"f:33:12:33:27":2,"s:33:29:33:Infinity":4}}}
,"/home/parshva/Projects/specKit/speckit-demo-poc/src/render-tracker-ui/InsightBadge.tsx": {"path":"/home/parshva/Projects/specKit/speckit-demo-poc/src/render-tracker-ui/InsightBadge.tsx","statementMap":{"0":{"start":{"line":24,"column":2},"end":{"line":25,"column":null}},"1":{"start":{"line":25,"column":4},"end":{"line":25,"column":null}},"2":{"start":{"line":28,"column":2},"end":{"line":50,"column":null}}},"fnMap":{"0":{"name":"InsightBadge","decl":{"start":{"line":20,"column":16},"end":{"line":20,"column":29}},"loc":{"start":{"line":23,"column":43},"end":{"line":50,"column":null}},"line":23}},"branchMap":{"0":{"loc":{"start":{"line":24,"column":2},"end":{"line":25,"column":null}},"type":"if","locations":[{"start":{"line":24,"column":2},"end":{"line":25,"column":null}},{"start":{},"end":{}}],"line":24},"1":{"loc":{"start":{"line":24,"column":6},"end":{"line":24,"column":61}},"type":"binary-expr","locations":[{"start":{"line":24,"column":6},"end":{"line":24,"column":31}},{"start":{"line":24,"column":31},"end":{"line":24,"column":61}}],"line":24},"2":{"loc":{"start":{"line":30,"column":7},"end":{"line":40,"column":null}},"type":"binary-expr","locations":[{"start":{"line":30,"column":7},"end":{"line":30,"column":null}},{"start":{"line":31,"column":8},"end":{"line":40,"column":null}}],"line":30},"3":{"loc":{"start":{"line":40,"column":7},"end":{"line":50,"column":null}},"type":"binary-expr","locations":[{"start":{"line":40,"column":7},"end":{"line":40,"column":null}},{"start":{"line":41,"column":8},"end":{"line":50,"column":null}}],"line":40}},"s":{"0":19,"1":15,"2":4},"f":{"0":19},"b":{"0":[15,4],"1":[19,16],"2":[4,3],"3":[19,1]},"meta":{"lastBranch":4,"lastFunction":1,"lastStatement":3,"seen":{"f:20:16:20:29":0,"b:24:2:25:Infinity:undefined:undefined:undefined:undefined":0,"s:24:2:25:Infinity":0,"b:24:6:24:31:24:31:24:61":1,"s:25:4:25:Infinity":1,"s:28:2:50:Infinity":2,"b:30:7:30:Infinity:31:8:40:Infinity":2,"b:40:7:40:Infinity:41:8:50:Infinity":3}}}
,"/home/parshva/Projects/specKit/speckit-demo-poc/src/render-tracker-ui/RenderTrackerPanel.tsx": {"path":"/home/parshva/Projects/specKit/speckit-demo-poc/src/render-tracker-ui/RenderTrackerPanel.tsx","statementMap":{"0":{"start":{"line":24,"column":21},"end":{"line":24,"column":62}},"1":{"start":{"line":25,"column":32},"end":{"line":25,"column":89}},"2":{"start":{"line":26,"column":8},"end":{"line":26,"column":46}},"3":{"start":{"line":30,"column":4},"end":{"line":33,"column":null}},"4":{"start":{"line":31,"column":26},"end":{"line":31,"column":68}},"5":{"start":{"line":36,"column":4},"end":{"line":36,"column":null}},"6":{"start":{"line":40,"column":4},"end":{"line":40,"column":null}},"7":{"start":{"line":42,"column":4},"end":{"line":42,"column":null}},"8":{"start":{"line":46,"column":4},"end":{"line":48,"column":10}},"9":{"start":{"line":50,"column":2},"end":{"line":63,"column":null}}},"fnMap":{"0":{"name":"RenderTrackerPanel","decl":{"start":{"line":21,"column":16},"end":{"line":21,"column":35}},"loc":{"start":{"line":23,"column":42},"end":{"line":63,"column":null}},"line":23},"1":{"name":"(anonymous_1)","decl":{"start":{"line":31,"column":14},"end":{"line":31,"column":20}},"loc":{"start":{"line":31,"column":26},"end":{"line":31,"column":68}},"line":31},"2":{"name":"handleSelect","decl":{"start":{"line":35,"column":11},"end":{"line":35,"column":24}},"loc":{"start":{"line":35,"column":53},"end":{"line":36,"column":null}},"line":35},"3":{"name":"handleClose","decl":{"start":{"line":39,"column":11},"end":{"line":39,"column":31}},"loc":{"start":{"line":39,"column":31},"end":{"line":42,"column":null}},"line":39}},"branchMap":{"0":{"loc":{"start":{"line":30,"column":4},"end":{"line":33,"column":null}},"type":"cond-expr","locations":[{"start":{"line":32,"column":8},"end":{"line":32,"column":null}},{"start":{"line":33,"column":8},"end":{"line":33,"column":null}}],"line":30},"1":{"loc":{"start":{"line":30,"column":4},"end":{"line":31,"column":68}},"type":"binary-expr","locations":[{"start":{"line":30,"column":4},"end":{"line":30,"column":null}},{"start":{"line":31,"column":4},"end":{"line":31,"column":68}}],"line":30},"2":{"loc":{"start":{"line":46,"column":4},"end":{"line":48,"column":10}},"type":"cond-expr","locations":[{"start":{"line":46,"column":21},"end":{"line":47,"column":63}},{"start":{"line":48,"column":8},"end":{"line":48,"column":10}}],"line":46},"3":{"loc":{"start":{"line":47,"column":25},"end":{"line":47,"column":62}},"type":"binary-expr","locations":[{"start":{"line":47,"column":25},"end":{"line":47,"column":60}},{"start":{"line":47,"column":60},"end":{"line":47,"column":62}}],"line":47},"4":{"loc":{"start":{"line":52,"column":29},"end":{"line":52,"column":null}},"type":"cond-expr","locations":[{"start":{"line":52,"column":49},"end":{"line":52,"column":67}},{"start":{"line":52,"column":67},"end":{"line":52,"column":null}}],"line":52},"5":{"loc":{"start":{"line":56,"column":7},"end":{"line":63,"column":null}},"type":"cond-expr","locations":[{"start":{"line":57,"column":8},"end":{"line":63,"column":9}},{"start":{"line":63,"column":8},"end":{"line":63,"column":null}}],"line":56}},"s":{"0":20,"1":20,"2":20,"3":20,"4":2,"5":2,"6":1,"7":1,"8":20,"9":20},"f":{"0":20,"1":2,"2":2,"3":1},"b":{"0":[2,18],"1":[20,3],"2":[2,18],"3":[2,0],"4":[0,20],"5":[2,18]},"meta":{"lastBranch":6,"lastFunction":4,"lastStatement":10,"seen":{"f:21:16:21:35":0,"s:24:21:24:62":0,"s:25:32:25:89":1,"s:26:8:26:46":2,"s:30:4:33:Infinity":3,"b:32:8:32:Infinity:33:8:33:Infinity":0,"b:30:4:30:Infinity:31:4:31:68":1,"f:31:14:31:20":1,"s:31:26:31:68":4,"f:35:11:35:24":2,"s:36:4:36:Infinity":5,"f:39:11:39:31":3,"s:40:4:40:Infinity":6,"s:42:4:42:Infinity":7,"s:46:4:48:10":8,"b:46:21:47:63:48:8:48:10":2,"b:47:25:47:60:47:60:47:62":3,"s:50:2:63:Infinity":9,"b:52:49:52:67:52:67:52:Infinity":4,"b:57:8:63:9:63:8:63:Infinity":5}}}
,"/home/parshva/Projects/specKit/speckit-demo-poc/src/render-tracker-ui/computeEventRows.ts": {"path":"/home/parshva/Projects/specKit/speckit-demo-poc/src/render-tracker-ui/computeEventRows.ts","statementMap":{"0":{"start":{"line":6,"column":38},"end":{"line":6,"column":null}},"1":{"start":{"line":19,"column":2},"end":{"line":44,"column":null}},"2":{"start":{"line":20,"column":25},"end":{"line":20,"column":null}},"3":{"start":{"line":22,"column":4},"end":{"line":23,"column":null}},"4":{"start":{"line":23,"column":6},"end":{"line":23,"column":null}},"5":{"start":{"line":27,"column":6},"end":{"line":27,"column":null}},"6":{"start":{"line":29,"column":40},"end":{"line":41,"column":null}},"7":{"start":{"line":31,"column":8},"end":{"line":33,"column":null}},"8":{"start":{"line":35,"column":8},"end":{"line":37,"column":38}},"9":{"start":{"line":38,"column":12},"end":{"line":38,"column":66}},"10":{"start":{"line":40,"column":6},"end":{"line":40,"column":null}},"11":{"start":{"line":43,"column":4},"end":{"line":43,"column":null}}},"fnMap":{"0":{"name":"computeEventRows","decl":{"start":{"line":18,"column":16},"end":{"line":18,"column":33}},"loc":{"start":{"line":18,"column":83},"end":{"line":44,"column":null}},"line":18},"1":{"name":"(anonymous_1)","decl":{"start":{"line":19,"column":16},"end":{"line":19,"column":21}},"loc":{"start":{"line":19,"column":54},"end":{"line":44,"column":null}},"line":19},"2":{"name":"(anonymous_2)","decl":{"start":{"line":29,"column":58},"end":{"line":29,"column":63}},"loc":{"start":{"line":29,"column":84},"end":{"line":41,"column":null}},"line":29}},"branchMap":{"0":{"loc":{"start":{"line":22,"column":4},"end":{"line":23,"column":null}},"type":"if","locations":[{"start":{"line":22,"column":4},"end":{"line":23,"column":null}},{"start":{},"end":{}}],"line":22},"1":{"loc":{"start":{"line":27,"column":6},"end":{"line":27,"column":null}},"type":"cond-expr","locations":[{"start":{"line":27,"column":44},"end":{"line":27,"column":65}},{"start":{"line":27,"column":65},"end":{"line":27,"column":null}}],"line":27},"2":{"loc":{"start":{"line":31,"column":8},"end":{"line":33,"column":null}},"type":"cond-expr","locations":[{"start":{"line":32,"column":12},"end":{"line":32,"column":null}},{"start":{"line":33,"column":12},"end":{"line":33,"column":null}}],"line":31},"3":{"loc":{"start":{"line":31,"column":8},"end":{"line":31,"column":null}},"type":"binary-expr","locations":[{"start":{"line":31,"column":8},"end":{"line":31,"column":35}},{"start":{"line":31,"column":35},"end":{"line":31,"column":null}}],"line":31},"4":{"loc":{"start":{"line":35,"column":8},"end":{"line":37,"column":38}},"type":"cond-expr","locations":[{"start":{"line":36,"column":12},"end":{"line":36,"column":null}},{"start":{"line":36,"column":12},"end":{"line":37,"column":38}}],"line":35},"5":{"loc":{"start":{"line":35,"column":8},"end":{"line":35,"column":null}},"type":"binary-expr","locations":[{"start":{"line":35,"column":8},"end":{"line":35,"column":36}},{"start":{"line":35,"column":36},"end":{"line":35,"column":null}}],"line":35}},"s":{"0":2,"1":10,"2":11,"3":11,"4":5,"5":6,"6":11,"7":6,"8":6,"9":6,"10":6,"11":11},"f":{"0":10,"1":11,"2":6},"b":{"0":[5,6],"1":[2,4],"2":[2,4],"3":[6,3],"4":[4,2],"5":[6,3]},"meta":{"lastBranch":6,"lastFunction":3,"lastStatement":12,"seen":{"s:6:38:6:Infinity":0,"f:18:16:18:33":0,"s:19:2:44:Infinity":1,"f:19:16:19:21":1,"s:20:25:20:Infinity":2,"b:22:4:23:Infinity:undefined:undefined:undefined:undefined":0,"s:22:4:23:Infinity":3,"s:23:6:23:Infinity":4,"s:27:6:27:Infinity":5,"b:27:44:27:65:27:65:27:Infinity":1,"s:29:40:41:Infinity":6,"f:29:58:29:63":2,"s:31:8:33:Infinity":7,"b:32:12:32:Infinity:33:12:33:Infinity":2,"b:31:8:31:35:31:35:31:Infinity":3,"s:35:8:37:38":8,"b:36:12:36:Infinity:36:12:37:38":4,"b:35:8:35:36:35:36:35:Infinity":5,"s:38:12:38:66":9,"s:40:6:40:Infinity":10,"s:43:4:43:Infinity":11}}}
,"/home/parshva/Projects/specKit/speckit-demo-poc/src/render-tracker-ui/computeSummaries.ts": {"path":"/home/parshva/Projects/specKit/speckit-demo-poc/src/render-tracker-ui/computeSummaries.ts","statementMap":{"0":{"start":{"line":5,"column":20},"end":{"line":5,"column":null}},"1":{"start":{"line":8,"column":2},"end":{"line":8,"column":null}},"2":{"start":{"line":8,"column":18},"end":{"line":8,"column":null}},"3":{"start":{"line":9,"column":2},"end":{"line":9,"column":null}},"4":{"start":{"line":9,"column":19},"end":{"line":9,"column":null}},"5":{"start":{"line":10,"column":2},"end":{"line":10,"column":null}},"6":{"start":{"line":27,"column":2},"end":{"line":45,"column":null}},"7":{"start":{"line":28,"column":29},"end":{"line":28,"column":null}},"8":{"start":{"line":30,"column":22},"end":{"line":30,"column":null}},"9":{"start":{"line":32,"column":17},"end":{"line":32,"column":43}},"10":{"start":{"line":34,"column":6},"end":{"line":35,"column":56}},"11":{"start":{"line":35,"column":24},"end":{"line":35,"column":56}},"12":{"start":{"line":37,"column":4},"end":{"line":44,"column":null}}},"fnMap":{"0":{"name":"deriveSeverity","decl":{"start":{"line":7,"column":9},"end":{"line":7,"column":24}},"loc":{"start":{"line":7,"column":54},"end":{"line":10,"column":null}},"line":7},"1":{"name":"computeSummaries","decl":{"start":{"line":24,"column":16},"end":{"line":24,"column":null}},"loc":{"start":{"line":26,"column":22},"end":{"line":45,"column":null}},"line":26},"2":{"name":"(anonymous_2)","decl":{"start":{"line":27,"column":34},"end":{"line":27,"column":39}},"loc":{"start":{"line":27,"column":67},"end":{"line":45,"column":null}},"line":27},"3":{"name":"(anonymous_3)","decl":{"start":{"line":35,"column":11},"end":{"line":35,"column":18}},"loc":{"start":{"line":35,"column":24},"end":{"line":35,"column":56}},"line":35}},"branchMap":{"0":{"loc":{"start":{"line":8,"column":2},"end":{"line":8,"column":null}},"type":"if","locations":[{"start":{"line":8,"column":2},"end":{"line":8,"column":null}},{"start":{},"end":{}}],"line":8},"1":{"loc":{"start":{"line":9,"column":2},"end":{"line":9,"column":null}},"type":"if","locations":[{"start":{"line":9,"column":2},"end":{"line":9,"column":null}},{"start":{},"end":{}}],"line":9},"2":{"loc":{"start":{"line":34,"column":6},"end":{"line":35,"column":56}},"type":"binary-expr","locations":[{"start":{"line":34,"column":6},"end":{"line":34,"column":null}},{"start":{"line":35,"column":6},"end":{"line":35,"column":56}}],"line":34}},"s":{"0":3,"1":29,"2":23,"3":6,"4":3,"5":3,"6":44,"7":29,"8":29,"9":29,"10":29,"11":22,"12":29},"f":{"0":29,"1":44,"2":29,"3":22},"b":{"0":[23,6],"1":[3,3],"2":[29,10]},"meta":{"lastBranch":3,"lastFunction":4,"lastStatement":13,"seen":{"s:5:20:5:Infinity":0,"f:7:9:7:24":0,"b:8:2:8:Infinity:undefined:undefined:undefined:undefined":0,"s:8:2:8:Infinity":1,"s:8:18:8:Infinity":2,"b:9:2:9:Infinity:undefined:undefined:undefined:undefined":1,"s:9:2:9:Infinity":3,"s:9:19:9:Infinity":4,"s:10:2:10:Infinity":5,"f:24:16:24:Infinity":1,"s:27:2:45:Infinity":6,"f:27:34:27:39":2,"s:28:29:28:Infinity":7,"s:30:22:30:Infinity":8,"s:32:17:32:43":9,"s:34:6:35:56":10,"b:34:6:34:Infinity:35:6:35:56":2,"f:35:11:35:18":3,"s:35:24:35:56":11,"s:37:4:44:Infinity":12}}}
,"/home/parshva/Projects/specKit/speckit-demo-poc/src/render-tracker-ui/formatPropValue.ts": {"path":"/home/parshva/Projects/specKit/speckit-demo-poc/src/render-tracker-ui/formatPropValue.ts","statementMap":{"0":{"start":{"line":14,"column":2},"end":{"line":14,"column":null}},"1":{"start":{"line":14,"column":22},"end":{"line":14,"column":null}},"2":{"start":{"line":15,"column":2},"end":{"line":15,"column":null}},"3":{"start":{"line":15,"column":27},"end":{"line":15,"column":null}},"4":{"start":{"line":16,"column":2},"end":{"line":18,"column":null}},"5":{"start":{"line":18,"column":4},"end":{"line":18,"column":null}},"6":{"start":{"line":20,"column":2},"end":{"line":26,"column":null}},"7":{"start":{"line":26,"column":4},"end":{"line":26,"column":null}},"8":{"start":{"line":28,"column":2},"end":{"line":28,"column":null}},"9":{"start":{"line":28,"column":33},"end":{"line":28,"column":null}},"10":{"start":{"line":29,"column":2},"end":{"line":29,"column":null}},"11":{"start":{"line":29,"column":35},"end":{"line":29,"column":null}},"12":{"start":{"line":30,"column":2},"end":{"line":30,"column":null}},"13":{"start":{"line":30,"column":28},"end":{"line":30,"column":null}},"14":{"start":{"line":32,"column":2},"end":{"line":32,"column":null}}},"fnMap":{"0":{"name":"formatPropValue","decl":{"start":{"line":13,"column":16},"end":{"line":13,"column":32}},"loc":{"start":{"line":13,"column":66},"end":{"line":32,"column":null}},"line":13}},"branchMap":{"0":{"loc":{"start":{"line":14,"column":2},"end":{"line":14,"column":null}},"type":"if","locations":[{"start":{"line":14,"column":2},"end":{"line":14,"column":null}},{"start":{},"end":{}}],"line":14},"1":{"loc":{"start":{"line":15,"column":2},"end":{"line":15,"column":null}},"type":"if","locations":[{"start":{"line":15,"column":2},"end":{"line":15,"column":null}},{"start":{},"end":{}}],"line":15},"2":{"loc":{"start":{"line":16,"column":2},"end":{"line":18,"column":null}},"type":"if","locations":[{"start":{"line":16,"column":2},"end":{"line":18,"column":null}},{"start":{},"end":{}}],"line":16},"3":{"loc":{"start":{"line":18,"column":12},"end":{"line":18,"column":null}},"type":"cond-expr","locations":[{"start":{"line":18,"column":27},"end":{"line":18,"column":34}},{"start":{"line":18,"column":34},"end":{"line":18,"column":null}}],"line":18},"4":{"loc":{"start":{"line":20,"column":2},"end":{"line":26,"column":null}},"type":"if","locations":[{"start":{"line":20,"column":2},"end":{"line":26,"column":null}},{"start":{},"end":{}}],"line":20},"5":{"loc":{"start":{"line":21,"column":4},"end":{"line":23,"column":null}},"type":"binary-expr","locations":[{"start":{"line":21,"column":4},"end":{"line":21,"column":null}},{"start":{"line":22,"column":4},"end":{"line":22,"column":null}},{"start":{"line":23,"column":4},"end":{"line":23,"column":null}}],"line":21},"6":{"loc":{"start":{"line":28,"column":2},"end":{"line":28,"column":null}},"type":"if","locations":[{"start":{"line":28,"column":2},"end":{"line":28,"column":null}},{"start":{},"end":{}}],"line":28},"7":{"loc":{"start":{"line":29,"column":2},"end":{"line":29,"column":null}},"type":"if","locations":[{"start":{"line":29,"column":2},"end":{"line":29,"column":null}},{"start":{},"end":{}}],"line":29},"8":{"loc":{"start":{"line":30,"column":2},"end":{"line":30,"column":null}},"type":"if","locations":[{"start":{"line":30,"column":2},"end":{"line":30,"column":null}},{"start":{},"end":{}}],"line":30}},"s":{"0":19,"1":1,"2":18,"3":2,"4":16,"5":3,"6":13,"7":7,"8":6,"9":1,"10":5,"11":1,"12":4,"13":3,"14":1},"f":{"0":19},"b":{"0":[1,18],"1":[2,16],"2":[3,13],"3":[1,2],"4":[7,6],"5":[13,8,6],"6":[1,5],"7":[1,4],"8":[3,1]},"meta":{"lastBranch":9,"lastFunction":1,"lastStatement":15,"seen":{"f:13:16:13:32":0,"b:14:2:14:Infinity:undefined:undefined:undefined:undefined":0,"s:14:2:14:Infinity":0,"s:14:22:14:Infinity":1,"b:15:2:15:Infinity:undefined:undefined:undefined:undefined":1,"s:15:2:15:Infinity":2,"s:15:27:15:Infinity":3,"b:16:2:18:Infinity:undefined:undefined:undefined:undefined":2,"s:16:2:18:Infinity":4,"s:18:4:18:Infinity":5,"b:18:27:18:34:18:34:18:Infinity":3,"b:20:2:26:Infinity:undefined:undefined:undefined:undefined":4,"s:20:2:26:Infinity":6,"b:21:4:21:Infinity:22:4:22:Infinity:23:4:23:Infinity":5,"s:26:4:26:Infinity":7,"b:28:2:28:Infinity:undefined:undefined:undefined:undefined":6,"s:28:2:28:Infinity":8,"s:28:33:28:Infinity":9,"b:29:2:29:Infinity:undefined:undefined:undefined:undefined":7,"s:29:2:29:Infinity":10,"s:29:35:29:Infinity":11,"b:30:2:30:Infinity:undefined:undefined:undefined:undefined":8,"s:30:2:30:Infinity":12,"s:30:28:30:Infinity":13,"s:32:2:32:Infinity":14}}}
,"/home/parshva/Projects/specKit/speckit-demo-poc/src/render-tracker-ui/index.ts": {"path":"/home/parshva/Projects/specKit/speckit-demo-poc/src/render-tracker-ui/index.ts","statementMap":{},"fnMap":{},"branchMap":{},"s":{},"f":{},"b":{},"meta":{"lastBranch":0,"lastFunction":0,"lastStatement":0,"seen":{}}}
,"/home/parshva/Projects/specKit/speckit-demo-poc/src/render-tracker-ui/types.ts": {"path":"/home/parshva/Projects/specKit/speckit-demo-poc/src/render-tracker-ui/types.ts","statementMap":{},"fnMap":{},"branchMap":{},"s":{},"f":{},"b":{},"meta":{"lastBranch":0,"lastFunction":0,"lastStatement":0,"seen":{}}}
,"/home/parshva/Projects/specKit/speckit-demo-poc/src/render-tracker-ui/useRenderSnapshot.ts": {"path":"/home/parshva/Projects/specKit/speckit-demo-poc/src/render-tracker-ui/useRenderSnapshot.ts","statementMap":{"0":{"start":{"line":21,"column":8},"end":{"line":23,"column":null}},"1":{"start":{"line":26,"column":19},"end":{"line":26,"column":50}},"2":{"start":{"line":27,"column":8},"end":{"line":27,"column":46}},"3":{"start":{"line":28,"column":2},"end":{"line":28,"column":null}}},"fnMap":{"0":{"name":"useRenderSnapshot","decl":{"start":{"line":20,"column":16},"end":{"line":20,"column":52}},"loc":{"start":{"line":20,"column":52},"end":{"line":28,"column":null}},"line":20}},"branchMap":{},"s":{"0":30,"1":30,"2":30,"3":30},"f":{"0":30},"b":{},"meta":{"lastBranch":0,"lastFunction":1,"lastStatement":4,"seen":{"f:20:16:20:52":0,"s:21:8:23:Infinity":0,"s:26:19:26:50":1,"s:27:8:27:46":2,"s:28:2:28:Infinity":3}}}
}
